2021-04-17 16:18:39.0419|INFO|SAAS_Deployment.Areas.Identity.Pages.Account.LoginModel|User logged in.
2021-04-17 16:18:39.1685|ERROR|Microsoft.EntityFrameworkCore.Query|An exception occurred while iterating over the results of a query for context type 'SAAS_Deployment.Data.ApplicationDbContext'.
System.ArgumentException: Format of the initialization string does not conform to specification starting at index 0.
   at Microsoft.Data.Common.DbConnectionOptions.GetKeyValuePair(String connectionString, Int32 currentPosition, StringBuilder buffer, Boolean useOdbcRules, String& keyname, String& keyvalue)
   at Microsoft.Data.Common.DbConnectionOptions.ParseInternal(Dictionary`2 parsetable, String connectionString, Boolean buildChain, Dictionary`2 synonyms, Boolean firstKey)
   at Microsoft.Data.Common.DbConnectionOptions..ctor(String connectionString, Dictionary`2 synonyms)
   at Microsoft.Data.SqlClient.SqlConnectionString..ctor(String connectionString)
   at Microsoft.Data.SqlClient.SqlConnectionFactory.CreateConnectionOptions(String connectionString, DbConnectionOptions previous)
   at Microsoft.Data.ProviderBase.DbConnectionFactory.GetConnectionPoolGroup(DbConnectionPoolKey key, DbConnectionPoolGroupOptions poolOptions, DbConnectionOptions& userConnectionOptions)
   at Microsoft.Data.SqlClient.SqlConnection.ConnectionString_Set(DbConnectionPoolKey key)
   at Microsoft.Data.SqlClient.SqlConnection.set_ConnectionString(String value)
   at Microsoft.Data.SqlClient.SqlConnection..ctor(String connectionString)
   at Microsoft.EntityFrameworkCore.SqlServer.Storage.Internal.SqlServerConnection.CreateDbConnection()
   at Microsoft.EntityFrameworkCore.Storage.RelationalConnection.get_DbConnection()
   at Microsoft.EntityFrameworkCore.Diagnostics.RelationalLoggerExtensions.CommandCreating(IDiagnosticsLogger`1 diagnostics, IRelationalConnection connection, DbCommandMethod commandMethod, DbContext context, Guid commandId, Guid connectionId, DateTimeOffset startTime)
   at Microsoft.EntityFrameworkCore.Storage.RelationalCommand.CreateCommand(RelationalCommandParameterObject parameterObject, Guid commandId, DbCommandMethod commandMethod)
   at Microsoft.EntityFrameworkCore.Storage.RelationalCommand.ExecuteReaderAsync(RelationalCommandParameterObject parameterObject, CancellationToken cancellationToken)
   at Microsoft.EntityFrameworkCore.Query.Internal.QueryingEnumerable`1.AsyncEnumerator.InitializeReaderAsync(DbContext _, Boolean result, CancellationToken cancellationToken)
   at Microsoft.EntityFrameworkCore.SqlServer.Storage.Internal.SqlServerExecutionStrategy.ExecuteAsync[TState,TResult](TState state, Func`4 operation, Func`4 verifySucceeded, CancellationToken cancellationToken)
   at Microsoft.EntityFrameworkCore.Query.Internal.QueryingEnumerable`1.AsyncEnumerator.MoveNextAsync()
2021-04-17 16:18:39.2210|ERROR|Microsoft.AspNetCore.Diagnostics.EntityFrameworkCore.DatabaseErrorPageMiddleware|An exception occurred while calculating the database error page content. Skipping display of the database error page.
2021-04-17 16:18:39.2441|ERROR|Microsoft.AspNetCore.Diagnostics.DeveloperExceptionPageMiddleware|An unhandled exception has occurred while executing the request.
2021-04-17 16:20:46.4927|INFO|SAAS_Deployment.Areas.Identity.Pages.Account.LoginModel|User logged in.
2021-04-17 16:51:25.8027|INFO|SAAS_Deployment.Areas.Identity.Pages.Account.LoginModel|User logged in.
2021-04-17 16:51:26.0854|ERROR|Microsoft.AspNetCore.Diagnostics.DeveloperExceptionPageMiddleware|An unhandled exception has occurred while executing the request.
2021-04-17 16:57:35.7165|INFO|SAAS_Deployment.Areas.Identity.Pages.Account.LoginModel|User logged in.
2021-04-17 16:57:35.9534|ERROR|Microsoft.AspNetCore.Diagnostics.DeveloperExceptionPageMiddleware|An unhandled exception has occurred while executing the request.
2021-04-17 17:06:35.0928|INFO|SAAS_Deployment.Areas.Identity.Pages.Account.LoginModel|User logged in.
2021-04-17 17:06:35.3711|ERROR|Microsoft.AspNetCore.Diagnostics.DeveloperExceptionPageMiddleware|An unhandled exception has occurred while executing the request.
2021-04-17 17:12:03.4956|INFO|SAAS_Deployment.Areas.Identity.Pages.Account.LoginModel|User logged in.
2021-04-17 17:12:03.7827|ERROR|Microsoft.AspNetCore.Diagnostics.DeveloperExceptionPageMiddleware|An unhandled exception has occurred while executing the request.
2021-04-17 17:19:08.5931|ERROR|Microsoft.EntityFrameworkCore.Database.Command|Failed executing DbCommand (2ms) [Parameters=[], CommandType='Text', CommandTimeout='30']
CREATE TABLE [AspNetRoles] (
    [Id] nvarchar(450) NOT NULL,
    [Name] nvarchar(256) NULL,
    [NormalizedName] nvarchar(256) NULL,
    [ConcurrencyStamp] nvarchar(max) NULL,
    CONSTRAINT [PK_AspNetRoles] PRIMARY KEY ([Id])
);
2021-04-17 17:19:57.7124|INFO|SAAS_Deployment.Areas.Identity.Pages.Account.LoginModel|User logged in.
2021-04-17 17:22:40.5186|INFO|SAAS_Deployment.Areas.Identity.Pages.Account.LoginModel|User logged in.
2021-04-17 17:46:46.6101|INFO|SAAS_Deployment.Areas.Identity.Pages.Account.LoginModel|User logged in.
